
                             TEMP (Avg: 75p) P
                             I: PART-1-1 N: 28
                  X                  10       

                0.                20.         
               10.E-03            20.         
               20.E-03            20.         
               30.E-03            20.         
               40.E-03            20.         
               50.E-03            20.         
               63.3904E-03        20.         
               76.7808E-03        20.         
               90.1712E-03        20.         
              108.165E-03         20.0001     
              126.159E-03         20.0001     
              144.153E-03         20.0001     
              171.144E-03         20.0002     
              198.135E-03         20.0002     
              225.126E-03         20.0003     
              252.117E-03         20.0004     
              279.108E-03         20.0005     
              299.645E-03         20.0005     
              320.182E-03         20.0005     
              340.719E-03         20.0005     
              357.942E-03         20.0005     
              375.165E-03         20.0004     
              392.388E-03         20.0004     
              409.611E-03         20.0003     
              426.834E-03         20.0003     
              444.057E-03         20.0003     
              461.28E-03          20.0002     
              478.502E-03         20.0002     
              495.725E-03         20.0001     
              512.948E-03         20.0001     
              530.171E-03         20.         
              547.394E-03         19.9999     
              564.617E-03         19.9997     
              581.84E-03          19.9995     
              599.063E-03         19.9993     
              616.286E-03         19.9991     
              633.509E-03         19.9989     
              650.732E-03         19.9987     
              667.955E-03         19.9986     
              685.178E-03         19.9988     
              702.401E-03         19.9992     
              719.624E-03         19.9994     
              736.847E-03         19.9994     
              749.764E-03         19.9994     
              762.681E-03         19.9993     
              775.598E-03         19.9994     
              788.516E-03         19.9994     
              801.433E-03         19.9996     
              814.35E-03          19.9998     
              827.267E-03         20.0001     
              840.185E-03         20.0005     
              853.102E-03         20.001      
              866.019E-03         20.0017     
              878.936E-03         20.0025     
              891.853E-03         20.0035     
              911.229E-03         20.0051     
              930.605E-03         20.0069     
              949.981E-03         20.009      
              969.357E-03         20.0113     
              988.733E-03         20.0138     
                1.                20.0153     
                1.                20.0153     
                1.01976           20.0181     
                1.03952           20.0204     
                1.05929           20.0203     
                1.07905           20.0212     
                1.08893           20.0221     
                1.09881           20.0236     
                1.10869           20.0254     
                1.11857           20.0273     
                1.12845           20.0291     
                1.13834           20.0307     
                1.14822           20.0322     
                1.1581            20.0337     
                1.16798           20.0352     
                1.17786           20.0365     
                1.18774           20.0377     
                1.19762           20.0388     
                1.2075            20.0396     
                1.22232           20.0408     
                1.23715           20.0418     
                1.25197           20.0429     
                1.26679           20.0441     
                1.28161           20.0453     
                1.29643           20.0468     
                1.31125           20.0485     
                1.32608           20.0505     
                1.3409            20.0532     
                1.35572           20.0567     
                1.37054           20.0617     
                1.38536           20.0685     
                1.40018           20.0747     
                1.41501           20.0858     
                1.42983           20.1043     
                1.44465           20.1241     
                1.45947           20.1417     
                1.47429           20.1563     
                1.48541           20.1673     
                1.49653           20.1801     
                1.50764           20.1951     
                1.51876           20.212      
                1.52987           20.2308     
                1.54099           20.252      
                1.55211           20.276      
                1.56322           20.3029     
                1.57434           20.333      
                1.58546           20.3661     
                1.60213           20.4212     
                1.6188            20.482      
                1.63548           20.5488     
                1.65215           20.6218     
                1.66883           20.7008     
                1.6855            20.7862     
                1.70218           20.8774     
                1.71885           20.9717     
                1.73552           21.0686     
                1.7522            21.169      
                1.76887           21.2842     
                1.78555           21.3841     
                1.80222           21.4716     
                1.8189            21.5951     
                1.83557           21.7501     
                1.85225           21.9205     
                1.86892           22.091      
                1.88559           22.2685     
                1.90227           22.4623     
                1.91894           22.6688     
                1.93562           22.8858     
                1.95229           23.1161     
                1.96897           23.3715     
                1.98564           23.6563     
                2.00231           23.9744     
                2.01899           24.3315     
                2.03566           24.7354     
                2.05234           25.1921     
                2.06901           25.704      
                2.08569           26.2927     
                2.10236           26.9548     
                2.11904           27.6796     
                2.13571           28.4302     
                2.15238           29.1915     
                2.16906           30.3806     
                2.18573           31.7576     
                2.20241           32.7192     
                2.21908           33.7956     
                2.23159           34.7515     
                2.24409           35.885      
                2.2566            37.1613     
                2.2691            38.5581     
                2.28161           40.0801     
                2.29412           41.7371     
                2.30662           43.5463     
                2.31913           45.5142     
                2.33163           47.615      
                2.34414           49.8365     
                2.35664           52.1787     
                2.36915           54.6355     
                2.38166           57.1742     
                2.39416           59.8025     
                2.40667           62.5074     
                2.42543           66.7319     
                2.44419           71.0987     
                2.46294           75.4652     
                2.4817            80.2033     
                2.50046           85.7221     
                2.51922           92.6864     
                2.53798          101.839      
                2.55674          113.253      
                2.5755           130.388      
                2.59425          148.082      
                2.60832          161.801      
                2.62239          176.31       
                2.63646          192.28       
                2.65053          209.702      
                2.6646           228.481      
                2.67867          248.648      
                2.69274          270.306      
                2.70681          293.999      
                2.72088          319.832      
                2.74198          363.473      
                2.76308          411.387      
                2.78419          462.419      
                2.80529          515.181      
                2.82639          568.743      
                2.8475           621.067      
                2.8686           670.6        
                2.8897           719.821      
                2.90671          765.401      
                2.92372          826.007      
                2.94072          888.677      
                2.95773          952.949      
                2.97474            1.01899E+03
                2.98749            1.06809E+03
                3.00025            1.11463E+03
                3.013              1.15648E+03
                3.02576            1.19456E+03
                3.03851            1.22892E+03
                3.05127            1.25988E+03
                3.06402            1.28749E+03
                3.07678            1.31026E+03
                3.08953            1.3289E+03 
                3.10229            1.34527E+03
                3.12142            1.3678E+03 
                3.14055            1.38908E+03
                3.15969            1.41012E+03
                3.17882            1.42949E+03
                3.19795            1.44709E+03
                3.21708            1.46277E+03
                3.23622            1.47683E+03
                3.25535            1.48998E+03
                3.27448            1.50233E+03
                3.29362            1.51267E+03
                3.31275            1.52142E+03
                3.33188            1.52843E+03
                3.35101            1.53374E+03
                3.36536            1.53686E+03
                3.37971            1.53933E+03
                3.39406            1.5413E+03 
                3.40841            1.54266E+03
                3.42276            1.54351E+03
                3.43711            1.54393E+03
                3.45146            1.54444E+03
                3.46581            1.54506E+03
                3.48016            1.54568E+03
                3.49451            1.54632E+03
                3.50886            1.54669E+03
                3.52321            1.5467E+03 
                3.53756            1.54632E+03
                3.55191            1.54553E+03
                3.56626            1.54436E+03
                3.58061            1.54277E+03
                3.59496            1.54092E+03
                3.60931            1.53899E+03
                3.62365            1.53694E+03
                3.638              1.53477E+03
                3.65235            1.5324E+03 
                3.6667             1.5299E+03 
                3.68105            1.52735E+03
                3.6954             1.52477E+03
                3.70975            1.52224E+03
                3.7241             1.51981E+03
                3.73845            1.51744E+03
                3.7528             1.5151E+03 
                3.76715            1.51277E+03
                3.7815             1.51046E+03
                3.79585            1.50816E+03
                3.8102             1.50592E+03
                3.82455            1.50368E+03
                3.84607            1.50035E+03
                3.8676             1.49577E+03
                3.88912            1.49206E+03
                3.91065            1.48836E+03
                3.93217            1.48469E+03
                3.95369            1.48086E+03
                3.97522            1.477E+03  
                3.99674            1.47322E+03
                4.01827            1.46957E+03
                4.03979            1.46603E+03
                4.06132            1.46255E+03
                4.09322            1.4573E+03 
                4.12512            1.45201E+03
                4.15702            1.44645E+03
                4.18892            1.4405E+03 
                4.22082            1.43418E+03
                4.25272            1.42787E+03
                4.28462            1.42134E+03
                4.31652            1.41471E+03
                4.36437            1.40467E+03
                4.41222            1.39445E+03
                4.46008            1.38402E+03
                4.50793            1.37326E+03
                4.55578            1.36213E+03
                4.60363            1.3506E+03 
                4.65148            1.33852E+03
                4.72326            1.31965E+03
                4.79504            1.3006E+03 
                4.86681            1.2828E+03 
                4.93859            1.26584E+03
                5.04626            1.24102E+03
                5.20775            1.20506E+03
                5.42407            1.15954E+03
                5.64039            1.11305E+03
                5.85671            1.07005E+03
                6.07303            1.03215E+03
                6.28935          998.254      
                6.50568          967.931      
                6.81958          929.919      
                7.13349          896.79       
                7.44739          867.756      
                7.91825          831.597      
                8.38911          802.01       
                9.0954           770.864      
                9.80168          745.486      
               10.8611           709.795      
               12.4503           661.286      
               14.4503           608.063      
               16.4503           564.267      
               18.4503           528.051      
               20.4503           497.234      
               22.4503           470.384      
               24.4503           446.564      
               26.4503           425.144      
               28.4503           405.697      
               30.4503           387.976      
               32.4503           371.72       
               34.4503           356.72       
               36.4503           342.817      
               38.4503           329.879      
               40.4503           317.799      
               42.4503           306.484      
               44.4503           295.857      
               46.4503           285.851      
               48.4503           276.406      
               50.4503           267.474      
               52.4503           259.009      
               54.4503           250.973      
               56.4503           243.331      
               58.4503           236.055      
               60.4503           229.116      
               62.4503           222.492      
               64.4503           216.162      
               66.4503           210.106      
               68.4503           204.31       
               70.4503           198.759      
               72.4503           193.438      
               74.4503           188.332      
               76.4503           183.425      
               78.4503           178.708      
               80.4503           174.169      
               82.4503           169.798      
               84.4503           165.586      
               86.4503           161.524      
               88.4503           157.605      
               90.4503           153.822      
               92.4503           150.167      
               94.4503           146.635      
               96.4503           143.219      
               98.4503           139.915      
              100.45             136.718      
              102.45             133.623      
              104.45             130.625      
              106.45             127.721      
              108.45             124.906      
              110.45             122.178      
              112.45             119.531      
              114.45             116.964      
              116.45             114.474      
              118.45             112.057      
              120.45             109.71       
              122.45             107.431      
              124.45             105.218      
              126.45             103.069      
              128.45             100.98       
              130.45              98.95       
              132.45              96.9769     
              134.45              95.0586     
              136.45              93.1935     
              138.45              91.3796     
              140.45              89.6152     
              142.45              87.8989     
              144.45              86.229      
              146.45              84.6039     
              148.45              83.0224     
              150.45              81.483      
              152.45              79.9845     
              154.45              78.5255     
              156.45              77.1048     
              158.45              75.7213     
              160.45              74.3739     
              162.45              73.0615     
              164.45              71.783      
              166.45              70.5374     
              168.45              69.3239     
              170.45              68.1413     
              172.45              66.9889     
              174.45              65.8658     
              176.45              64.7712     
              178.45              63.7042     
              180.45              62.664      
              182.45              61.65       
              184.45              60.6614     
              186.45              59.6974     
              188.45              58.7574     
              190.45              57.8408     
              192.45              56.9468     
              194.45              56.075      
              196.45              55.2246     
              198.45              54.3951     
              200.45              53.586      
              202.45              52.7967     
              204.45              52.0267     
              206.45              51.2755     
              208.45              50.5425     
              210.45              49.8273     
              212.45              49.1295     
              214.45              48.4485     
              216.45              47.784      
              218.45              47.1355     
              220.45              46.5027     
              222.45              45.885      
              224.45              45.2821     
              226.45              44.6937     
              228.45              44.1194     
              230.45              43.5588     
              232.45              43.0115     
              234.45              42.4773     
              236.45              41.9558     
              238.45              41.4467     
              240.45              40.9496     
              242.45              40.4644     
              244.45              39.9906     
              246.45              39.528      
              248.45              39.0764     
              250.45              38.6354     
              252.45              38.2048     
              254.45              37.7843     
              256.45              37.3737     
              258.45              36.9728     
              260.45              36.5813     
              262.45              36.199      
              264.45              35.8256     
              266.45              35.461      
              268.45              35.1049     
              270.45              34.7571     
              272.45              34.4174     
              274.45              34.0857     
              276.45              33.7617     
              278.45              33.4453     
              280.45              33.1362     
              282.45              32.8343     
              284.45              32.5395     
              286.45              32.2515     
              288.45              31.9701     
              290.45              31.6954     
              292.45              31.427      
              294.45              31.1648     
              296.45              30.9087     
              298.45              30.6585     
              300.                30.4681     




